Arguments: 
  /usr/local/bin/node /usr/share/yarn/bin/yarn.js add nodemon -D

PATH: 
  /home/neo-j-thapa/anaconda3/bin:/home/neo-j-thapa/anaconda3/condabin:/home/neo-j-thapa/.local/bin:/usr/local/sbin:/usr/local/bin:/usr/sbin:/usr/bin:/sbin:/bin:/usr/games:/usr/local/games:/snap/bin:/snap/bin:/home/neo-j-thapa/BIN:/home/neo-j-thapa/java/jdk-16.0.2/bin:/usr/lib/jvm/java-8-openjdk-amd64/bin:/usr/lib/jvm/java-8-openjdk-amd64/bin

Yarn version: 
  1.22.19

Node version: 
  16.14.2

Platform: 
  linux x64

Trace: 
  Error: getaddrinfo EAI_AGAIN registry.yarnpkg.com
      at GetAddrInfoReqWrap.onlookup [as oncomplete] (node:dns:71:26)

npm manifest: 
  {
    "name": "day4",
    "version": "1.0.0",
    "main": "server.js",
    "license": "MIT",
    "type": "module",
    "scripts": {
      "start": "node ."
    },
    "dependencies": {
      "@types/node": "^17.0.35",
      "kill-port": "^2.0.0"
    }
  }

yarn manifest: 
  No manifest

Lockfile: 
  # THIS IS AN AUTOGENERATED FILE. DO NOT EDIT THIS FILE DIRECTLY.
  # yarn lockfile v1
  
  
  "@types/node@^17.0.35":
    version "17.0.35"
    resolved "https://registry.yarnpkg.com/@types/node/-/node-17.0.35.tgz#635b7586086d51fb40de0a2ec9d1014a5283ba4a"
    integrity sha512-vu1SrqBjbbZ3J6vwY17jBs8Sr/BKA+/a/WtjRG+whKg1iuLFOosq872EXS0eXWILdO36DHQQeku/ZcL6hz2fpg==
  
  get-them-args@1.3.2:
    version "1.3.2"
    resolved "https://registry.yarnpkg.com/get-them-args/-/get-them-args-1.3.2.tgz#74a20ba8a4abece5ae199ad03f2bcc68fdfc9ba5"
    integrity sha1-dKILqKSr7OWuGZrQPyvMaP38m6U=
  
  kill-port@^2.0.0:
    version "2.0.0"
    resolved "https://registry.yarnpkg.com/kill-port/-/kill-port-2.0.0.tgz#be0db79071886cf86af20baf76d38abf598bb59a"
    integrity sha512-TWGAJ/SGy52aKhYpPSCw4S/WR0rTYkC2+6oRp5xBlLo4UvJe3Gt0MwROO8hI+Hu4YkTDhe27EPKKeFUtqNNfdA==
    dependencies:
      get-them-args "1.3.2"
      shell-exec "1.0.2"
  
  shell-exec@1.0.2:
    version "1.0.2"
    resolved "https://registry.yarnpkg.com/shell-exec/-/shell-exec-1.0.2.tgz#2e9361b0fde1d73f476c4b6671fa17785f696756"
    integrity sha512-jyVd+kU2X+mWKMmGhx4fpWbPsjvD53k9ivqetutVW/BQ+WIZoDoP4d8vUMGezV6saZsiNoW2f9GIhg9Dondohg==
